<?xml version="1.0" encoding="UTF-8"?>
<!-- Generated by org.testng.reporters.JUnitReportReporter -->
<testsuite hostname="Tariq" failures="0" tests="2" name="testNG.FacebookLogin" time="15.623" errors="0" timestamp="10 Mar 2022 23:46:50 GMT" skipped="0">
  <testcase classname="testNG.FacebookLogin" name="setUp" time="10.188"/>
  <testcase classname="testNG.FacebookLogin" name="setUp" time="5.435"/>
</testsuite> <!-- testNG.FacebookLogin -->
